----- Otter 3.3, August 2003 -----
The process was started by mccune on gyro.thornwood,
Wed Aug  6 14:25:55 2003
The command was "../../bin/otter".  The process ID is 5819.

op(500,xfy,#).
op(400,xfy,*).

lex([0,1,cin,a0,b0,a1,b1,a2,b2,a3,b3,_*_,_#_]).
set(demod_inf).
clear(demod_history).
assign(demod_limit,-1).
assign(max_given,1).
clear(for_sub).
clear(back_sub).
assign(max_mem,1500).

list(demodulators).
1 [] 0#x=x.
2 [] x#0=x.
3 [] x#x=0.
4 [] x#x#y=y.
5 [] x#y=y#x.
6 [] y#x#z=x#y#z.
7 [] 0*x=0.
8 [] x*0=0.
9 [] 1*x=x.
10 [] x*1=x.
11 [] x*x=x.
12 [] x*x*y=x*y.
13 [] x*y=y*x.
14 [] y*x*z=x*y*z.
15 [] x* (y#z)=x*y#x*z.
end_of_list.

list(sos).
16 [] p((a2#b2#1#a2*b2)# (a3#b3)#1# (a0#b0#1#a0*b0)* (1#a0*b0)* (a1#b1#1#a1*b1)* (1#a1*b1)* (a2#b2#1#a2*b2)* (1#a2*b2)* (cin#1)# (a0#b0#1#a0*b0)* (1#a0*b0)* (a1#b1#1#a1*b1)* (1#a1*b1)* (1#a2*b2)* (cin#1)# (a0#b0#1#a0*b0)* (1#a0*b0)* (1#a1*b1)* (a2#b2#1#a2*b2)* (1#a2*b2)* (cin#1)# (a0#b0#1#a0*b0)* (1#a0*b0)* (1#a1*b1)* (1#a2*b2)* (cin#1)# (a0#b0#1#a0*b0)* (a1#b1#1#a1*b1)* (1#a1*b1)* (1#a2*b2)# (a0#b0#1#a0*b0)* (a1#b1#1#a1*b1)* (1#a1*b1)* (a2#b2#1#a2*b2)* (1#a2*b2)# (a0#b0#1#a0*b0)* (1#a1*b1)* (1#a2*b2)# (a0#b0#1#a0*b0)* (1#a1*b1)* (a2#b2#1#a2*b2)* (1#a2*b2)# (1#a0*b0)* (a1#b1#1#a1*b1)* (1#a1*b1)* (a2#b2#1#a2*b2)* (1#a2*b2)* (cin#1)# (1#a0*b0)* (a1#b1#1#a1*b1)* (1#a1*b1)* (1#a2*b2)* (cin#1)# (1#a0*b0)* (1#a1*b1)* (a2#b2#1#a2*b2)* (1#a2*b2)* (cin#1)# (1#a0*b0)* (1#a1*b1)* (1#a2*b2)* (cin#1)# (a1#b1#1#a1*b1)* (1#a2*b2)# (a1#b1#1#a1*b1)* (a2#b2#1#a2*b2)* (1#a2*b2)).
end_of_list.
lex dependent demodulator: 5 [] x#y=y#x.
lex dependent demodulator: 6 [] y#x#z=x#y#z.
lex dependent demodulator: 13 [] x*y=y*x.
lex dependent demodulator: 14 [] y*x*z=x*y*z.

======= end of input processing =======

=========== start of search ===========

given clause #1: (wt=482) 16 [] p((a2#b2#1#a2*b2)# (a3#b3)#1# (a0#b0#1#a0*b0)* (1#a0*b0)* (a1#b1#1#a1*b1)* (1#a1*b1)* (a2#b2#1#a2*b2)* (1#a2*b2)* (cin#1)# (a0#b0#1#a0*b0)* (1#a0*b0)* (a1#b1#1#a1*b1)* (1#a1*b1)* (1#a2*b2)* (cin#1)# (a0#b0#1#a0*b0)* (1#a0*b0)* (1#a1*b1)* (a2#b2#1#a2*b2)* (1#a2*b2)* (cin#1)# (a0#b0#1#a0*b0)* (1#a0*b0)* (1#a1*b1)* (1#a2*b2)* (cin#1)# (a0#b0#1#a0*b0)* (a1#b1#1#a1*b1)* (1#a1*b1)* (1#a2*b2)# (a0#b0#1#a0*b0)* (a1#b1#1#a1*b1)* (1#a1*b1)* (a2#b2#1#a2*b2)* (1#a2*b2)# (a0#b0#1#a0*b0)* (1#a1*b1)* (1#a2*b2)# (a0#b0#1#a0*b0)* (1#a1*b1)* (a2#b2#1#a2*b2)* (1#a2*b2)# (1#a0*b0)* (a1#b1#1#a1*b1)* (1#a1*b1)* (a2#b2#1#a2*b2)* (1#a2*b2)* (cin#1)# (1#a0*b0)* (a1#b1#1#a1*b1)* (1#a1*b1)* (1#a2*b2)* (cin#1)# (1#a0*b0)* (1#a1*b1)* (a2#b2#1#a2*b2)* (1#a2*b2)* (cin#1)# (1#a0*b0)* (1#a1*b1)* (1#a2*b2)* (cin#1)# (a1#b1#1#a1*b1)* (1#a2*b2)# (a1#b1#1#a1*b1)* (a2#b2#1#a2*b2)* (1#a2*b2)).

Search stopped by max_given option.

** KEPT (pick-wt=116): 17 [16,demod] p(a3#b3#cin*a0*a1*a2#cin*a0*a1*b2#cin*a0*b1*a2#cin*a0*b1*b2#cin*b0*a1*a2#cin*b0*a1*b2#cin*b0*b1*a2#cin*b0*b1*b2#a0*b0*a1*a2#a0*b0*a1*b2#a0*b0*b1*a2#a0*b0*b1*b2#a1*b1*a2#a1*b1*b2#a2*b2).

Search stopped by max_given option.

============ end of search ============

-------------- statistics -------------
clauses given                  1
clauses generated              1
  demod_inf generated          1
demod & eval rewrites      44775
clauses wt,lit,sk delete       0
tautologies deleted            0
clauses forward subsumed       0
  (subsumed by sos)            0
unit deletions                 0
factor simplifications         0
clauses kept                   1
new demodulators               0
empty clauses                  0
clauses back demodulated       0
clauses back subsumed          0
usable size                    1
sos size                       1
demodulators size             15
passive size                   0
hot size                       0
Kbytes malloced              287

----------- times (seconds) -----------
user CPU time          0.15          (0 hr, 0 min, 0 sec)
system CPU time        0.00          (0 hr, 0 min, 0 sec)
wall-clock time        1             (0 hr, 0 min, 1 sec)
input time             0.01
  clausify time        0.00
pick given time        0.00
pre_process time       0.14
  renumber time        0.00
  demod time           0.14
  order equalities     0.00
  unit deleletion      0.00
  factor simplify      0.00
  weigh cl time        0.00
  hints keep time      0.00
  sort lits time       0.00
  forward subsume      0.00
  delete cl time       0.00
  keep cl time         0.00
    hints time         0.00
  print_cl time        0.00
  conflict time        0.00
  new demod time       0.00
post_process time      0.00
  back demod time      0.00
  back subsume         0.00
  factor time          0.00
  unindex time         0.00

Process 5819 finished Wed Aug  6 14:25:56 2003
